# JRE version: OpenJDK Runtime Environment (8.0_112-b06) (build 1.8.0_112-release-b06)
# Java VM: OpenJDK 64-Bit Server VM (25.112-b06 mixed mode windows-amd64 compressed oops)
Heap:
 PSYoungGen      total 165888K, used 32763K [0x00000000e0000000, 0x00000000f0300000, 0x0000000100000000)
  eden space 146944K, 22% used [0x00000000e0000000,0x00000000e1ffeff8,0x00000000e8f80000)
  from space 18944K, 0% used [0x00000000e8f80000,0x00000000e8f80000,0x00000000ea200000)
  to   space 19456K, 0% used [0x00000000ef000000,0x00000000ef000000,0x00000000f0300000)
 ParOldGen       total 143872K, used 43635K [0x00000000a0000000, 0x00000000a8c80000, 0x00000000e0000000)
  object space 143872K, 30% used [0x00000000a0000000,0x00000000a2a9ce90,0x00000000a8c80000)
 Metaspace       used 57412K, capacity 59700K, committed 59776K, reserved 1101824K
  class space    used 7745K, capacity 8254K, committed 8320K, reserved 1048576K
GC Heap History (10 events):
Event: 31.344 GC heap before
{Heap before GC invocations=12 (full 2):
 PSYoungGen      total 98304K, used 95949K [0x00000000e0000000, 0x00000000e8500000, 0x0000000100000000)
  eden space 86528K, 100% used [0x00000000e0000000,0x00000000e5480000,0x00000000e5480000)
  from space 11776K, 80% used [0x00000000e5480000,0x00000000e5db3530,0x00000000e6000000)
  to   space 12288K, 0% used [0x00000000e7900000,0x00000000e7900000,0x00000000e8500000)
 ParOldGen       total 98816K, used 17392K [0x00000000a0000000, 0x00000000a6080000, 0x00000000e0000000)
  object space 98816K, 17% used [0x00000000a0000000,0x00000000a10fc358,0x00000000a6080000)
 Metaspace       used 46230K, capacity 47210K, committed 47360K, reserved 1089536K
  class space    used 6110K, capacity 6400K, committed 6400K, reserved 1048576K
Event: 31.392 GC heap after
Heap after GC invocations=12 (full 2):
 PSYoungGen      total 122368K, used 11876K [0x00000000e0000000, 0x00000000e8c80000, 0x0000000100000000)
  eden space 110080K, 0% used [0x00000000e0000000,0x00000000e0000000,0x00000000e6b80000)
  from space 12288K, 96% used [0x00000000e7900000,0x00000000e8499010,0x00000000e8500000)
  to   space 13824K, 0% used [0x00000000e6b80000,0x00000000e6b80000,0x00000000e7900000)
 ParOldGen       total 98816K, used 17400K [0x00000000a0000000, 0x00000000a6080000, 0x00000000e0000000)
  object space 98816K, 17% used [0x00000000a0000000,0x00000000a10fe358,0x00000000a6080000)
 Metaspace       used 46230K, capacity 47210K, committed 47360K, reserved 1089536K
  class space    used 6110K, capacity 6400K, committed 6400K, reserved 1048576K
}
Event: 34.728 GC heap before
{Heap before GC invocations=13 (full 2):
 PSYoungGen      total 122368K, used 121956K [0x00000000e0000000, 0x00000000e8c80000, 0x0000000100000000)
  eden space 110080K, 100% used [0x00000000e0000000,0x00000000e6b80000,0x00000000e6b80000)
  from space 12288K, 96% used [0x00000000e7900000,0x00000000e8499010,0x00000000e8500000)
  to   space 13824K, 0% used [0x00000000e6b80000,0x00000000e6b80000,0x00000000e7900000)
 ParOldGen       total 98816K, used 17400K [0x00000000a0000000, 0x00000000a6080000, 0x00000000e0000000)
  object space 98816K, 17% used [0x00000000a0000000,0x00000000a10fe358,0x00000000a6080000)
 Metaspace       used 52839K, capacity 54498K, committed 54656K, reserved 1095680K
  class space    used 7110K, capacity 7544K, committed 7552K, reserved 1048576K
Event: 34.773 GC heap after
Heap after GC invocations=13 (full 2):
 PSYoungGen      total 123904K, used 13817K [0x00000000e0000000, 0x00000000eb380000, 0x0000000100000000)
  eden space 110080K, 0% used [0x00000000e0000000,0x00000000e0000000,0x00000000e6b80000)
  from space 13824K, 99% used [0x00000000e6b80000,0x00000000e78fe640,0x00000000e7900000)
  to   space 17920K, 0% used [0x00000000ea200000,0x00000000ea200000,0x00000000eb380000)
 ParOldGen       total 98816K, used 23944K [0x00000000a0000000, 0x00000000a6080000, 0x00000000e0000000)
  object space 98816K, 24% used [0x00000000a0000000,0x00000000a17623f0,0x00000000a6080000)
 Metaspace       used 52839K, capacity 54498K, committed 54656K, reserved 1095680K
  class space    used 7110K, capacity 7544K, committed 7552K, reserved 1048576K
}
Event: 36.728 GC heap before
{Heap before GC invocations=14 (full 2):
 PSYoungGen      total 123904K, used 123897K [0x00000000e0000000, 0x00000000eb380000, 0x0000000100000000)
  eden space 110080K, 100% used [0x00000000e0000000,0x00000000e6b80000,0x00000000e6b80000)
  from space 13824K, 99% used [0x00000000e6b80000,0x00000000e78fe640,0x00000000e7900000)
  to   space 17920K, 0% used [0x00000000ea200000,0x00000000ea200000,0x00000000eb380000)
 ParOldGen       total 98816K, used 23944K [0x00000000a0000000, 0x00000000a6080000, 0x00000000e0000000)
  object space 98816K, 24% used [0x00000000a0000000,0x00000000a17623f0,0x00000000a6080000)
 Metaspace       used 55931K, capacity 58190K, committed 58368K, reserved 1099776K
  class space    used 7641K, capacity 8169K, committed 8192K, reserved 1048576K
Event: 36.795 GC heap after
Heap after GC invocations=14 (full 2):
 PSYoungGen      total 164864K, used 14351K [0x00000000e0000000, 0x00000000eba80000, 0x0000000100000000)
  eden space 146944K, 0% used [0x00000000e0000000,0x00000000e0000000,0x00000000e8f80000)
  from space 17920K, 80% used [0x00000000ea200000,0x00000000eb003ff8,0x00000000eb380000)
  to   space 18944K, 0% used [0x00000000e8f80000,0x00000000e8f80000,0x00000000ea200000)
 ParOldGen       total 98816K, used 35451K [0x00000000a0000000, 0x00000000a6080000, 0x00000000e0000000)
  object space 98816K, 35% used [0x00000000a0000000,0x00000000a229ed10,0x00000000a6080000)
 Metaspace       used 55931K, capacity 58190K, committed 58368K, reserved 1099776K
  class space    used 7641K, capacity 8169K, committed 8192K, reserved 1048576K
}
Event: 36.869 GC heap before
{Heap before GC invocations=15 (full 2):
 PSYoungGen      total 164864K, used 20202K [0x00000000e0000000, 0x00000000eba80000, 0x0000000100000000)
  eden space 146944K, 3% used [0x00000000e0000000,0x00000000e05b6b40,0x00000000e8f80000)
  from space 17920K, 80% used [0x00000000ea200000,0x00000000eb003ff8,0x00000000eb380000)
  to   space 18944K, 0% used [0x00000000e8f80000,0x00000000e8f80000,0x00000000ea200000)
 ParOldGen       total 98816K, used 35451K [0x00000000a0000000, 0x00000000a6080000, 0x00000000e0000000)
  object space 98816K, 35% used [0x00000000a0000000,0x00000000a229ed10,0x00000000a6080000)
 Metaspace       used 56800K, capacity 58990K, committed 59160K, reserved 1099776K
  class space    used 7696K, capacity 8201K, committed 8320K, reserved 1048576K
Event: 36.895 GC heap after
Heap after GC invocations=15 (full 2):
 PSYoungGen      total 165888K, used 830K [0x00000000e0000000, 0x00000000f0300000, 0x0000000100000000)
  eden space 146944K, 0% used [0x00000000e0000000,0x00000000e0000000,0x00000000e8f80000)
  from space 18944K, 4% used [0x00000000e8f80000,0x00000000e904fac0,0x00000000ea200000)
  to   space 19456K, 0% used [0x00000000ef000000,0x00000000ef000000,0x00000000f0300000)
 ParOldGen       total 98816K, used 48476K [0x00000000a0000000, 0x00000000a6080000, 0x00000000e0000000)
  object space 98816K, 49% used [0x00000000a0000000,0x00000000a2f570a0,0x00000000a6080000)
 Metaspace       used 56800K, capacity 58990K, committed 59160K, reserved 1099776K
  class space    used 7696K, capacity 8201K, committed 8320K, reserved 1048576K
}
Event: 36.895 GC heap before
{Heap before GC invocations=16 (full 3):
 PSYoungGen      total 165888K, used 830K [0x00000000e0000000, 0x00000000f0300000, 0x0000000100000000)
  eden space 146944K, 0% used [0x00000000e0000000,0x00000000e0000000,0x00000000e8f80000)
  from space 18944K, 4% used [0x00000000e8f80000,0x00000000e904fac0,0x00000000ea200000)
  to   space 19456K, 0% used [0x00000000ef000000,0x00000000ef000000,0x00000000f0300000)
 ParOldGen       total 98816K, used 48476K [0x00000000a0000000, 0x00000000a6080000, 0x00000000e0000000)
  object space 98816K, 49% used [0x00000000a0000000,0x00000000a2f570a0,0x00000000a6080000)
 Metaspace       used 56800K, capacity 58990K, committed 59160K, reserved 1099776K
  class space    used 7696K, capacity 8201K, committed 8320K, reserved 1048576K
Event: 37.398 GC heap after
Heap after GC invocations=16 (full 3):
 PSYoungGen      total 165888K, used 0K [0x00000000e0000000, 0x00000000f0300000, 0x0000000100000000)
  eden space 146944K, 0% used [0x00000000e0000000,0x00000000e0000000,0x00000000e8f80000)
  from space 18944K, 0% used [0x00000000e8f80000,0x00000000e8f80000,0x00000000ea200000)
  to   space 19456K, 0% used [0x00000000ef000000,0x00000000ef000000,0x00000000f0300000)
 ParOldGen       total 143872K, used 43635K [0x00000000a0000000, 0x00000000a8c80000, 0x00000000e0000000)
  object space 143872K, 30% used [0x00000000a0000000,0x00000000a2a9ce90,0x00000000a8c80000)
 Metaspace       used 56800K, capacity 58990K, committed 59160K, reserved 1099776K
  class space    used 7696K, capacity 8201K, committed 8320K, reserved 1048576K
}

