# JRE version: OpenJDK Runtime Environment (8.0_112-b06) (build 1.8.0_112-release-b06)
# Java VM: OpenJDK 64-Bit Server VM (25.112-b06 mixed mode windows-amd64 compressed oops)
Heap:
 PSYoungGen      total 133120K, used 24009K [0x00000000e0000000, 0x00000000eaf00000, 0x0000000100000000)
  eden space 120832K, 9% used [0x00000000e0000000,0x00000000e0b79ac0,0x00000000e7600000)
  from space 12288K, 99% used [0x00000000e7600000,0x00000000e81f8a98,0x00000000e8200000)
  to   space 16384K, 0% used [0x00000000e9f00000,0x00000000e9f00000,0x00000000eaf00000)
 ParOldGen       total 112640K, used 23699K [0x00000000a0000000, 0x00000000a6e00000, 0x00000000e0000000)
  object space 112640K, 21% used [0x00000000a0000000,0x00000000a1724d20,0x00000000a6e00000)
 Metaspace       used 48847K, capacity 50396K, committed 50560K, reserved 1093632K
  class space    used 6608K, capacity 6999K, committed 7040K, reserved 1048576K
GC Heap History (10 events):
Event: 12.991 GC heap before
{Heap before GC invocations=7 (full 1):
 PSYoungGen      total 71680K, used 71668K [0x00000000e0000000, 0x00000000e6c80000, 0x0000000100000000)
  eden space 66560K, 100% used [0x00000000e0000000,0x00000000e4100000,0x00000000e4100000)
  from space 5120K, 99% used [0x00000000e4100000,0x00000000e45fd240,0x00000000e4600000)
  to   space 10752K, 0% used [0x00000000e6200000,0x00000000e6200000,0x00000000e6c80000)
 ParOldGen       total 68608K, used 11790K [0x00000000a0000000, 0x00000000a4300000, 0x00000000e0000000)
  object space 68608K, 17% used [0x00000000a0000000,0x00000000a0b83bf8,0x00000000a4300000)
 Metaspace       used 29447K, capacity 29814K, committed 30080K, reserved 1075200K
  class space    used 3992K, capacity 4115K, committed 4224K, reserved 1048576K
Event: 13.009 GC heap after
Heap after GC invocations=7 (full 1):
 PSYoungGen      total 95232K, used 6612K [0x00000000e0000000, 0x00000000e6980000, 0x0000000100000000)
  eden space 87552K, 0% used [0x00000000e0000000,0x00000000e0000000,0x00000000e5580000)
  from space 7680K, 86% used [0x00000000e6200000,0x00000000e68751a0,0x00000000e6980000)
  to   space 10240K, 0% used [0x00000000e5580000,0x00000000e5580000,0x00000000e5f80000)
 ParOldGen       total 68608K, used 11798K [0x00000000a0000000, 0x00000000a4300000, 0x00000000e0000000)
  object space 68608K, 17% used [0x00000000a0000000,0x00000000a0b85bf8,0x00000000a4300000)
 Metaspace       used 29447K, capacity 29814K, committed 30080K, reserved 1075200K
  class space    used 3992K, capacity 4115K, committed 4224K, reserved 1048576K
}
Event: 14.436 GC heap before
{Heap before GC invocations=8 (full 1):
 PSYoungGen      total 95232K, used 77699K [0x00000000e0000000, 0x00000000e6980000, 0x0000000100000000)
  eden space 87552K, 81% used [0x00000000e0000000,0x00000000e456bb68,0x00000000e5580000)
  from space 7680K, 86% used [0x00000000e6200000,0x00000000e68751a0,0x00000000e6980000)
  to   space 10240K, 0% used [0x00000000e5580000,0x00000000e5580000,0x00000000e5f80000)
 ParOldGen       total 68608K, used 11798K [0x00000000a0000000, 0x00000000a4300000, 0x00000000e0000000)
  object space 68608K, 17% used [0x00000000a0000000,0x00000000a0b85bf8,0x00000000a4300000)
 Metaspace       used 34847K, capacity 35396K, committed 35496K, reserved 1079296K
  class space    used 4658K, capacity 4852K, committed 4864K, reserved 1048576K
Event: 14.477 GC heap after
Heap after GC invocations=8 (full 1):
 PSYoungGen      total 97792K, used 10208K [0x00000000e0000000, 0x00000000e9080000, 0x0000000100000000)
  eden space 87552K, 0% used [0x00000000e0000000,0x00000000e0000000,0x00000000e5580000)
  from space 10240K, 99% used [0x00000000e5580000,0x00000000e5f783f8,0x00000000e5f80000)
  to   space 12288K, 0% used [0x00000000e8480000,0x00000000e8480000,0x00000000e9080000)
 ParOldGen       total 68608K, used 13272K [0x00000000a0000000, 0x00000000a4300000, 0x00000000e0000000)
  object space 68608K, 19% used [0x00000000a0000000,0x00000000a0cf6138,0x00000000a4300000)
 Metaspace       used 34847K, capacity 35396K, committed 35496K, reserved 1079296K
  class space    used 4658K, capacity 4852K, committed 4864K, reserved 1048576K
}
Event: 14.477 GC heap before
{Heap before GC invocations=9 (full 2):
 PSYoungGen      total 97792K, used 10208K [0x00000000e0000000, 0x00000000e9080000, 0x0000000100000000)
  eden space 87552K, 0% used [0x00000000e0000000,0x00000000e0000000,0x00000000e5580000)
  from space 10240K, 99% used [0x00000000e5580000,0x00000000e5f783f8,0x00000000e5f80000)
  to   space 12288K, 0% used [0x00000000e8480000,0x00000000e8480000,0x00000000e9080000)
 ParOldGen       total 68608K, used 13272K [0x00000000a0000000, 0x00000000a4300000, 0x00000000e0000000)
  object space 68608K, 19% used [0x00000000a0000000,0x00000000a0cf6138,0x00000000a4300000)
 Metaspace       used 34847K, capacity 35396K, committed 35496K, reserved 1079296K
  class space    used 4658K, capacity 4852K, committed 4864K, reserved 1048576K
Event: 14.675 GC heap after
Heap after GC invocations=9 (full 2):
 PSYoungGen      total 97792K, used 0K [0x00000000e0000000, 0x00000000e9080000, 0x0000000100000000)
  eden space 87552K, 0% used [0x00000000e0000000,0x00000000e0000000,0x00000000e5580000)
  from space 10240K, 0% used [0x00000000e5580000,0x00000000e5580000,0x00000000e5f80000)
  to   space 12288K, 0% used [0x00000000e8480000,0x00000000e8480000,0x00000000e9080000)
 ParOldGen       total 112640K, used 17639K [0x00000000a0000000, 0x00000000a6e00000, 0x00000000e0000000)
  object space 112640K, 15% used [0x00000000a0000000,0x00000000a1139f70,0x00000000a6e00000)
 Metaspace       used 34847K, capacity 35396K, committed 35496K, reserved 1079296K
  class space    used 4658K, capacity 4852K, committed 4864K, reserved 1048576K
}
Event: 16.699 GC heap before
{Heap before GC invocations=10 (full 2):
 PSYoungGen      total 97792K, used 87552K [0x00000000e0000000, 0x00000000e9080000, 0x0000000100000000)
  eden space 87552K, 100% used [0x00000000e0000000,0x00000000e5580000,0x00000000e5580000)
  from space 10240K, 0% used [0x00000000e5580000,0x00000000e5580000,0x00000000e5f80000)
  to   space 12288K, 0% used [0x00000000e8480000,0x00000000e8480000,0x00000000e9080000)
 ParOldGen       total 112640K, used 17639K [0x00000000a0000000, 0x00000000a6e00000, 0x00000000e0000000)
  object space 112640K, 15% used [0x00000000a0000000,0x00000000a1139f70,0x00000000a6e00000)
 Metaspace       used 42086K, capacity 42920K, committed 43008K, reserved 1087488K
  class space    used 5634K, capacity 5886K, committed 5888K, reserved 1048576K
Event: 16.733 GC heap after
Heap after GC invocations=10 (full 2):
 PSYoungGen      total 130048K, used 9497K [0x00000000e0000000, 0x00000000e8e00000, 0x0000000100000000)
  eden space 120320K, 0% used [0x00000000e0000000,0x00000000e0000000,0x00000000e7580000)
  from space 9728K, 97% used [0x00000000e8480000,0x00000000e8dc6468,0x00000000e8e00000)
  to   space 12288K, 0% used [0x00000000e7600000,0x00000000e7600000,0x00000000e8200000)
 ParOldGen       total 112640K, used 17647K [0x00000000a0000000, 0x00000000a6e00000, 0x00000000e0000000)
  object space 112640K, 15% used [0x00000000a0000000,0x00000000a113bf70,0x00000000a6e00000)
 Metaspace       used 42086K, capacity 42920K, committed 43008K, reserved 1087488K
  class space    used 5634K, capacity 5886K, committed 5888K, reserved 1048576K
}
Event: 20.126 GC heap before
{Heap before GC invocations=11 (full 2):
 PSYoungGen      total 130048K, used 129817K [0x00000000e0000000, 0x00000000e8e00000, 0x0000000100000000)
  eden space 120320K, 100% used [0x00000000e0000000,0x00000000e7580000,0x00000000e7580000)
  from space 9728K, 97% used [0x00000000e8480000,0x00000000e8dc6468,0x00000000e8e00000)
  to   space 12288K, 0% used [0x00000000e7600000,0x00000000e7600000,0x00000000e8200000)
 ParOldGen       total 112640K, used 17647K [0x00000000a0000000, 0x00000000a6e00000, 0x00000000e0000000)
  object space 112640K, 15% used [0x00000000a0000000,0x00000000a113bf70,0x00000000a6e00000)
 Metaspace       used 48492K, capacity 49912K, committed 50048K, reserved 1091584K
  class space    used 6555K, capacity 6925K, committed 7040K, reserved 1048576K
Event: 20.167 GC heap after
Heap after GC invocations=11 (full 2):
 PSYoungGen      total 133120K, used 12258K [0x00000000e0000000, 0x00000000eaf00000, 0x0000000100000000)
  eden space 120832K, 0% used [0x00000000e0000000,0x00000000e0000000,0x00000000e7600000)
  from space 12288K, 99% used [0x00000000e7600000,0x00000000e81f8a98,0x00000000e8200000)
  to   space 16384K, 0% used [0x00000000e9f00000,0x00000000e9f00000,0x00000000eaf00000)
 ParOldGen       total 112640K, used 23699K [0x00000000a0000000, 0x00000000a6e00000, 0x00000000e0000000)
  object space 112640K, 21% used [0x00000000a0000000,0x00000000a1724d20,0x00000000a6e00000)
 Metaspace       used 48492K, capacity 49912K, committed 50048K, reserved 1091584K
  class space    used 6555K, capacity 6925K, committed 7040K, reserved 1048576K
}

