# JRE version: OpenJDK Runtime Environment (8.0_112-b06) (build 1.8.0_112-release-b06)
# Java VM: OpenJDK 64-Bit Server VM (25.112-b06 mixed mode windows-amd64 compressed oops)
Heap:
 PSYoungGen      total 159232K, used 44812K [0x00000000e0000000, 0x00000000ec800000, 0x0000000100000000)
  eden space 146432K, 21% used [0x00000000e0000000,0x00000000e1f475e8,0x00000000e8f00000)
  from space 12800K, 99% used [0x00000000e8f00000,0x00000000e9b7be08,0x00000000e9b80000)
  to   space 17920K, 0% used [0x00000000eb680000,0x00000000eb680000,0x00000000ec800000)
 ParOldGen       total 100352K, used 26654K [0x00000000a0000000, 0x00000000a6200000, 0x00000000e0000000)
  object space 100352K, 26% used [0x00000000a0000000,0x00000000a1a07b48,0x00000000a6200000)
 Metaspace       used 51291K, capacity 52784K, committed 52864K, reserved 1095680K
  class space    used 6884K, capacity 7283K, committed 7296K, reserved 1048576K
GC Heap History (10 events):
Event: 10.372 GC heap before
{Heap before GC invocations=7 (full 1):
 PSYoungGen      total 71680K, used 71652K [0x00000000e0000000, 0x00000000e7800000, 0x0000000100000000)
  eden space 66560K, 100% used [0x00000000e0000000,0x00000000e4100000,0x00000000e4100000)
  from space 5120K, 99% used [0x00000000e4100000,0x00000000e45f9270,0x00000000e4600000)
  to   space 10752K, 0% used [0x00000000e6d80000,0x00000000e6d80000,0x00000000e7800000)
 ParOldGen       total 62976K, used 11845K [0x00000000a0000000, 0x00000000a3d80000, 0x00000000e0000000)
  object space 62976K, 18% used [0x00000000a0000000,0x00000000a0b91628,0x00000000a3d80000)
 Metaspace       used 29468K, capacity 29878K, committed 30080K, reserved 1075200K
  class space    used 3991K, capacity 4115K, committed 4224K, reserved 1048576K
Event: 10.392 GC heap after
Heap after GC invocations=7 (full 1):
 PSYoungGen      total 108032K, used 6589K [0x00000000e0000000, 0x00000000e7580000, 0x0000000100000000)
  eden space 99840K, 0% used [0x00000000e0000000,0x00000000e0000000,0x00000000e6180000)
  from space 8192K, 80% used [0x00000000e6d80000,0x00000000e73ef4b8,0x00000000e7580000)
  to   space 10240K, 0% used [0x00000000e6180000,0x00000000e6180000,0x00000000e6b80000)
 ParOldGen       total 62976K, used 11917K [0x00000000a0000000, 0x00000000a3d80000, 0x00000000e0000000)
  object space 62976K, 18% used [0x00000000a0000000,0x00000000a0ba3638,0x00000000a3d80000)
 Metaspace       used 29468K, capacity 29878K, committed 30080K, reserved 1075200K
  class space    used 3991K, capacity 4115K, committed 4224K, reserved 1048576K
}
Event: 12.397 GC heap before
{Heap before GC invocations=8 (full 1):
 PSYoungGen      total 108032K, used 77662K [0x00000000e0000000, 0x00000000e7580000, 0x0000000100000000)
  eden space 99840K, 71% used [0x00000000e0000000,0x00000000e4568620,0x00000000e6180000)
  from space 8192K, 80% used [0x00000000e6d80000,0x00000000e73ef4b8,0x00000000e7580000)
  to   space 10240K, 0% used [0x00000000e6180000,0x00000000e6180000,0x00000000e6b80000)
 ParOldGen       total 62976K, used 11917K [0x00000000a0000000, 0x00000000a3d80000, 0x00000000e0000000)
  object space 62976K, 18% used [0x00000000a0000000,0x00000000a0ba3638,0x00000000a3d80000)
 Metaspace       used 34849K, capacity 35364K, committed 35496K, reserved 1079296K
  class space    used 4652K, capacity 4820K, committed 4864K, reserved 1048576K
Event: 12.424 GC heap after
Heap after GC invocations=8 (full 1):
 PSYoungGen      total 110080K, used 10217K [0x00000000e0000000, 0x00000000eaa00000, 0x0000000100000000)
  eden space 99840K, 0% used [0x00000000e0000000,0x00000000e0000000,0x00000000e6180000)
  from space 10240K, 99% used [0x00000000e6180000,0x00000000e6b7a680,0x00000000e6b80000)
  to   space 12288K, 0% used [0x00000000e9e00000,0x00000000e9e00000,0x00000000eaa00000)
 ParOldGen       total 62976K, used 13119K [0x00000000a0000000, 0x00000000a3d80000, 0x00000000e0000000)
  object space 62976K, 20% used [0x00000000a0000000,0x00000000a0ccffd0,0x00000000a3d80000)
 Metaspace       used 34849K, capacity 35364K, committed 35496K, reserved 1079296K
  class space    used 4652K, capacity 4820K, committed 4864K, reserved 1048576K
}
Event: 12.424 GC heap before
{Heap before GC invocations=9 (full 2):
 PSYoungGen      total 110080K, used 10217K [0x00000000e0000000, 0x00000000eaa00000, 0x0000000100000000)
  eden space 99840K, 0% used [0x00000000e0000000,0x00000000e0000000,0x00000000e6180000)
  from space 10240K, 99% used [0x00000000e6180000,0x00000000e6b7a680,0x00000000e6b80000)
  to   space 12288K, 0% used [0x00000000e9e00000,0x00000000e9e00000,0x00000000eaa00000)
 ParOldGen       total 62976K, used 13119K [0x00000000a0000000, 0x00000000a3d80000, 0x00000000e0000000)
  object space 62976K, 20% used [0x00000000a0000000,0x00000000a0ccffd0,0x00000000a3d80000)
 Metaspace       used 34849K, capacity 35364K, committed 35496K, reserved 1079296K
  class space    used 4652K, capacity 4820K, committed 4864K, reserved 1048576K
Event: 12.584 GC heap after
Heap after GC invocations=9 (full 2):
 PSYoungGen      total 110080K, used 0K [0x00000000e0000000, 0x00000000eaa00000, 0x0000000100000000)
  eden space 99840K, 0% used [0x00000000e0000000,0x00000000e0000000,0x00000000e6180000)
  from space 10240K, 0% used [0x00000000e6180000,0x00000000e6180000,0x00000000e6b80000)
  to   space 12288K, 0% used [0x00000000e9e00000,0x00000000e9e00000,0x00000000eaa00000)
 ParOldGen       total 100352K, used 17612K [0x00000000a0000000, 0x00000000a6200000, 0x00000000e0000000)
  object space 100352K, 17% used [0x00000000a0000000,0x00000000a1133000,0x00000000a6200000)
 Metaspace       used 34849K, capacity 35364K, committed 35496K, reserved 1079296K
  class space    used 4652K, capacity 4820K, committed 4864K, reserved 1048576K
}
Event: 15.011 GC heap before
{Heap before GC invocations=10 (full 2):
 PSYoungGen      total 110080K, used 99840K [0x00000000e0000000, 0x00000000eaa00000, 0x0000000100000000)
  eden space 99840K, 100% used [0x00000000e0000000,0x00000000e6180000,0x00000000e6180000)
  from space 10240K, 0% used [0x00000000e6180000,0x00000000e6180000,0x00000000e6b80000)
  to   space 12288K, 0% used [0x00000000e9e00000,0x00000000e9e00000,0x00000000eaa00000)
 ParOldGen       total 100352K, used 17612K [0x00000000a0000000, 0x00000000a6200000, 0x00000000e0000000)
  object space 100352K, 17% used [0x00000000a0000000,0x00000000a1133000,0x00000000a6200000)
 Metaspace       used 42409K, capacity 43306K, committed 43648K, reserved 1087488K
  class space    used 5663K, capacity 5929K, committed 6016K, reserved 1048576K
Event: 15.034 GC heap after
Heap after GC invocations=10 (full 2):
 PSYoungGen      total 148992K, used 10160K [0x00000000e0000000, 0x00000000ea800000, 0x0000000100000000)
  eden space 138752K, 0% used [0x00000000e0000000,0x00000000e0000000,0x00000000e8780000)
  from space 10240K, 99% used [0x00000000e9e00000,0x00000000ea7ec3d8,0x00000000ea800000)
  to   space 12800K, 0% used [0x00000000e8f00000,0x00000000e8f00000,0x00000000e9b80000)
 ParOldGen       total 100352K, used 17620K [0x00000000a0000000, 0x00000000a6200000, 0x00000000e0000000)
  object space 100352K, 17% used [0x00000000a0000000,0x00000000a1135000,0x00000000a6200000)
 Metaspace       used 42409K, capacity 43306K, committed 43648K, reserved 1087488K
  class space    used 5663K, capacity 5929K, committed 6016K, reserved 1048576K
}
Event: 20.902 GC heap before
{Heap before GC invocations=11 (full 2):
 PSYoungGen      total 148992K, used 148912K [0x00000000e0000000, 0x00000000ea800000, 0x0000000100000000)
  eden space 138752K, 100% used [0x00000000e0000000,0x00000000e8780000,0x00000000e8780000)
  from space 10240K, 99% used [0x00000000e9e00000,0x00000000ea7ec3d8,0x00000000ea800000)
  to   space 12800K, 0% used [0x00000000e8f00000,0x00000000e8f00000,0x00000000e9b80000)
 ParOldGen       total 100352K, used 17620K [0x00000000a0000000, 0x00000000a6200000, 0x00000000e0000000)
  object space 100352K, 17% used [0x00000000a0000000,0x00000000a1135000,0x00000000a6200000)
 Metaspace       used 50570K, capacity 52136K, committed 52352K, reserved 1093632K
  class space    used 6827K, capacity 7217K, committed 7296K, reserved 1048576K
Event: 20.941 GC heap after
Heap after GC invocations=11 (full 2):
 PSYoungGen      total 159232K, used 12783K [0x00000000e0000000, 0x00000000ec800000, 0x0000000100000000)
  eden space 146432K, 0% used [0x00000000e0000000,0x00000000e0000000,0x00000000e8f00000)
  from space 12800K, 99% used [0x00000000e8f00000,0x00000000e9b7be08,0x00000000e9b80000)
  to   space 17920K, 0% used [0x00000000eb680000,0x00000000eb680000,0x00000000ec800000)
 ParOldGen       total 100352K, used 26654K [0x00000000a0000000, 0x00000000a6200000, 0x00000000e0000000)
  object space 100352K, 26% used [0x00000000a0000000,0x00000000a1a07b48,0x00000000a6200000)
 Metaspace       used 50570K, capacity 52136K, committed 52352K, reserved 1093632K
  class space    used 6827K, capacity 7217K, committed 7296K, reserved 1048576K
}

